<?xml version="1.0" encoding="UTF-8"?>
<!-- Generated by org.testng.reporters.JUnitXMLReporter -->
<testsuite ignored="0" hostname="DESKTOP-OH8IUHA" failures="0" tests="3" name="Test" time="18.639" errors="0" timestamp="2023-06-30T14:26:12 IST">
  <testcase classname="com.hrsAPI.test.HrsApiTest" name="verifyEndpointTestingConfirmAllMedGatewayEndpointsareExposed" time="5.004"/>
  <testcase classname="com.hrsAPI.test.HrsApiTest" name="verifyMedicationMasterListPulledFromGatewayEndpoint" time="7.969"/>
  <testcase classname="com.hrsAPI.test.HrsApiTest" name="verifyNewMedicationFromEMRModalNotificationsReconciled" time="4.819"/>
</testsuite> <!-- Test -->
